2025-07-14 16:48:38 error: Unable to connect to the database: database "websitebanhangmini1" does not exist
2025-07-14 16:49:19 error: UNCAUGHT EXCEPTION! 💥 Shutting down...
2025-07-14 16:50:37 error: UNCAUGHT EXCEPTION! 💥 Shutting down...
2025-07-14 20:23:31 error: UNCAUGHT EXCEPTION! 💥 Shutting down...
2025-07-14 20:28:16 error: Unable to connect to the database: Validation error
2025-07-14 20:28:17 error: Unable to connect to the database: Validation error
2025-07-14 20:34:54 error: Unable to connect to the database: Validation error
2025-07-14 20:34:56 error: Unable to connect to the database: Validation error
2025-07-14 20:34:58 error: Unable to connect to the database: Validation error
2025-07-14 20:35:03 error: Unable to connect to the database: Validation error
2025-07-14 20:35:08 error: Unable to connect to the database: Validation error
2025-07-14 20:35:09 error: Unable to connect to the database: Validation error
2025-07-15 10:15:45 error: UNCAUGHT EXCEPTION! 💥 Shutting down...
2025-07-15 10:16:57 error: UNCAUGHT EXCEPTION! 💥 Shutting down...
2025-07-15 13:24:48 error: Unable to connect to the database: Validation error
2025-07-15 13:58:37 error: Unable to connect to the database: Validation error
2025-07-15 13:59:43 error: Unable to connect to the database: Validation error
2025-07-15 13:59:54 error: Unable to connect to the database: Validation error
2025-07-15 15:02:21 error: Unable to connect to the database: Validation error
2025-07-15 15:02:25 error: UNCAUGHT EXCEPTION! 💥 Shutting down...
2025-07-15 15:07:24 error: Unable to connect to the database: Validation error
2025-07-15 15:08:18 error: Unable to connect to the database: Validation error
2025-07-15 15:09:33 error: Unable to connect to the database: type "public.enum_users_role" does not exist
2025-07-15 15:09:34 error: Unable to connect to the database: cache lookup failed for type 27850
2025-07-15 15:09:58 error: Unable to connect to the database: Validation error
2025-07-15 15:10:02 error: Unable to connect to the database: type "public.enum_users_role" does not exist
2025-07-15 15:23:14 error: Unable to connect to the database: Validation error
2025-07-15 15:51:58 error: Unable to connect to the database: cache lookup failed for type 29012
2025-07-15 15:52:49 error: Unable to connect to the database: Validation error
2025-07-15 15:54:25 error: Unable to connect to the database: Validation error
2025-07-15 15:55:00 error: UNCAUGHT EXCEPTION! 💥 Shutting down...
2025-07-15 16:16:40 error: Unable to connect to the database: Validation error
2025-07-15 16:16:40 error: Unable to connect to the database: Validation error
2025-07-15 16:27:14 error: Unable to connect to the database: Validation error
2025-07-15 16:27:14 error: Unable to connect to the database: Validation error
2025-07-15 16:27:16 error: UNCAUGHT EXCEPTION! 💥 Shutting down...
2025-07-16 10:05:19 error: UNCAUGHT EXCEPTION! 💥 Shutting down...
2025-07-16 11:29:30 error: UNCAUGHT EXCEPTION! 💥 Shutting down...
2025-07-16 11:36:04 error: UNCAUGHT EXCEPTION! 💥 Shutting down...
2025-07-16 11:36:26 error: UNCAUGHT EXCEPTION! 💥 Shutting down...
2025-07-16 11:36:49 error: UNCAUGHT EXCEPTION! 💥 Shutting down...
2025-07-16 11:40:43 error: UNCAUGHT EXCEPTION! 💥 Shutting down...
2025-07-17 16:05:35 error: Unable to connect to the database: Validation error
2025-07-17 16:05:35 error: UNCAUGHT EXCEPTION! 💥 Shutting down...
2025-07-17 16:06:36 error: UNCAUGHT EXCEPTION! 💥 Shutting down...
2025-07-17 16:24:15 error: UNCAUGHT EXCEPTION! 💥 Shutting down...
2025-07-17 16:28:32 error: Unable to connect to the database: Validation error
2025-07-17 16:45:15 error: Unable to connect to the database: Validation error
2025-07-17 17:17:06 error: UNCAUGHT EXCEPTION! 💥 Shutting down...
2025-07-17 17:25:25 error: UNCAUGHT EXCEPTION! 💥 Shutting down...
2025-07-17 17:25:37 error: UNCAUGHT EXCEPTION! 💥 Shutting down...
2025-07-17 17:32:58 error: UNCAUGHT EXCEPTION! 💥 Shutting down...
2025-07-18 09:18:21 error: UNCAUGHT EXCEPTION! 💥 Shutting down...
2025-07-18 14:27:20 error: Unable to connect to the database: relation "Products" does not exist
2025-07-18 14:27:22 error: Unable to connect to the database: relation "Products" does not exist
2025-07-18 14:28:23 error: Unable to connect to the database: relation "Products" does not exist
2025-07-18 14:29:00 error: Unable to connect to the database: relation "Products" does not exist
2025-07-18 14:33:43 error: Unable to connect to the database: Validation error
2025-07-18 14:33:44 error: Unable to connect to the database: relation "Products" does not exist
2025-07-18 14:33:44 error: Unable to connect to the database: relation "Products" does not exist
2025-07-18 14:34:15 error: Unable to connect to the database: relation "Products" does not exist
2025-07-18 16:34:41 error: Unable to connect to the database: Validation error
2025-07-18 16:34:42 error: UNCAUGHT EXCEPTION! 💥 Shutting down...
2025-07-18 16:35:33 error: Unable to connect to the database: Validation error
2025-07-18 19:54:53 error: Unable to connect to the database: cache lookup failed for type 50736
2025-07-18 19:54:53 error: UNCAUGHT EXCEPTION! 💥 Shutting down...
2025-07-18 19:55:17 error: UNCAUGHT EXCEPTION! 💥 Shutting down...
2025-07-19 10:41:18 error: UNCAUGHT EXCEPTION! 💥 Shutting down...
2025-07-19 11:10:34 error: UNCAUGHT EXCEPTION! 💥 Shutting down...
2025-07-20 17:25:59 error: UNCAUGHT EXCEPTION! 💥 Shutting down...
2025-07-20 18:58:42 error: Unable to connect to the database: Validation error
2025-07-20 23:12:38 error: UNCAUGHT EXCEPTION! 💥 Shutting down...
2025-07-20 23:12:56 error: UNCAUGHT EXCEPTION! 💥 Shutting down...
2025-07-21 09:04:30 error: UNCAUGHT EXCEPTION! 💥 Shutting down...
2025-07-21 09:04:31 error: UNCAUGHT EXCEPTION! 💥 Shutting down...
2025-07-21 09:20:42 error: Unable to connect to the database: Validation error
2025-07-21 09:20:42 error: UNCAUGHT EXCEPTION! 💥 Shutting down...
2025-07-21 09:25:01 error: Unable to connect to the database: Validation error
2025-07-21 09:25:01 error: UNCAUGHT EXCEPTION! 💥 Shutting down...
2025-07-21 09:26:44 error: Unable to connect to the database: Validation error
2025-07-21 09:26:44 error: UNCAUGHT EXCEPTION! 💥 Shutting down...
2025-07-21 09:44:44 error: Unable to connect to the database: Validation error
2025-07-21 09:44:44 error: UNCAUGHT EXCEPTION! 💥 Shutting down...
2025-07-21 09:46:14 error: Unable to connect to the database: Validation error
2025-07-21 09:46:14 error: UNCAUGHT EXCEPTION! 💥 Shutting down...
2025-07-21 10:25:09 error: UNCAUGHT EXCEPTION! 💥 Shutting down...
2025-07-21 10:25:31 error: UNCAUGHT EXCEPTION! 💥 Shutting down...
2025-07-21 11:37:23 error: UNCAUGHT EXCEPTION! 💥 Shutting down...
2025-07-21 14:43:04 error: UNCAUGHT EXCEPTION! 💥 Shutting down...
2025-07-21 20:44:58 error: UNHANDLED REJECTION! 💥 Shutting down...
2025-07-21 20:44:58 error: Error
2025-07-22 12:29:33 error: UNHANDLED REJECTION! 💥 Shutting down...
2025-07-22 12:29:33 error: Error
2025-07-22 19:22:34 error: UNCAUGHT EXCEPTION! 💥 Shutting down...
2025-07-22 21:03:38 error: UNCAUGHT EXCEPTION! 💥 Shutting down...
2025-12-06 09:43:41 error: UNHANDLED REJECTION! 💥 Shutting down...
2025-12-06 09:43:41 error: Error
2025-12-12 23:30:12 error: Unable to connect to the database: password authentication failed for user "postgres"
2025-12-12 23:30:55 error: Unable to connect to the database: database "websitebanhangmini" does not exist
2025-12-13 01:12:47 error: Unable to connect to the database: no pg_hba.conf entry for host "14.191.196.101", user "uabes6il2eepk2", database "deenpeuig9g2ne", no encryption
2025-12-13 01:19:28 error: Unable to connect to the database: no pg_hba.conf entry for host "14.191.196.101", user "uabes6il2eepk2", database "deenpeuig9g2ne", no encryption
2025-12-13 01:27:41 error: Unable to connect to the database: no pg_hba.conf entry for host "14.191.196.101", user "uabes6il2eepk2", database "deenpeuig9g2ne", no encryption
2025-12-13 01:29:15 error: Unable to connect to the database: no pg_hba.conf entry for host "14.191.196.101", user "uabes6il2eepk2", database "deenpeuig9g2ne", no encryption
2025-12-13 01:33:39 error: Unable to connect to the database: no pg_hba.conf entry for host "14.191.196.101", user "uabes6il2eepk2", database "deenpeuig9g2ne", no encryption
2025-12-13 01:38:01 error: Unable to connect to the database: no pg_hba.conf entry for host "14.191.196.101", user "uabes6il2eepk2", database "deenpeuig9g2ne", no encryption
2025-12-13 01:44:29 error: Unable to connect to the database: no pg_hba.conf entry for host "14.191.196.101", user "uabes6il2eepk2", database "deenpeuig9g2ne", no encryption
2025-12-13 01:48:10 error: Unable to connect to the database: no pg_hba.conf entry for host "14.191.196.101", user "uabes6il2eepk2", database "deenpeuig9g2ne", no encryption
2025-12-13 01:49:03 error: Unable to connect to the database: no pg_hba.conf entry for host "14.191.196.101", user "uabes6il2eepk2", database "deenpeuig9g2ne", no encryption
2025-12-13 01:49:30 error: Unable to connect to the database: no pg_hba.conf entry for host "14.191.196.101", user "uabes6il2eepk2", database "deenpeuig9g2ne", no encryption
2025-12-13 01:54:27 error: Unable to connect to the database: column "product_id" does not exist
2025-12-13 02:01:09 error: Unable to connect to the database: column "product_id" does not exist
2025-12-13 02:02:18 error: Unable to connect to the database: column "product_id" does not exist
2025-12-13 02:03:11 error: Unable to connect to the database: column "product_id" does not exist
2025-12-13 02:05:53 error: Unable to connect to the database: column "product_id" does not exist
2025-12-13 02:33:18 error: Unable to connect to the database: column "product_id" does not exist
2025-12-13 02:34:22 error: Unable to connect to the database: no pg_hba.conf entry for host "14.191.196.101", user "uabes6il2eepk2", database "deenpeuig9g2ne", no encryption
2025-12-13 02:34:46 error: Unable to connect to the database: no pg_hba.conf entry for host "14.191.196.101", user "uabes6il2eepk2", database "uabes6il2eepk2", no encryption
2025-12-13 02:34:55 error: Unable to connect to the database: no pg_hba.conf entry for host "14.191.196.101", user "uabes6il2eepk2", database "deenpeuig9g2ne", no encryption
2025-12-13 02:43:55 error: Unable to connect to the database: no pg_hba.conf entry for host "14.191.196.101", user "uabes6il2eepk2", database "deenpeuig9g2ne", no encryption
2025-12-13 02:49:02 error: Unable to connect to the database: no pg_hba.conf entry for host "14.191.196.101", user "uabes6il2eepk2", database "deenpeuig9g2ne", no encryption
2025-12-13 02:54:43 error: Unable to connect to the database: no pg_hba.conf entry for host "14.191.196.101", user "uabes6il2eepk2", database "deenpeuig9g2ne", no encryption
